benchmark/build/outputs/mapping/benchmark/mapping.txt
# compiler: R8
# compiler_version: 9.0.6-dev
# compiler_hash: c73fa171b17f49c2f0505e468738222ca4c283f6
# common_typos_disable
# {"id":"com.android.tools.r8.mapping","version":"2.2"}
# pg_map_id: 0eea2015b3ed5c9ac51d419b1decdae4bca186550475cac34c06dccaa900560c
# pg_map_hash: SHA-256 0eea2015b3ed5c9ac51d419b1decdae4bca186550475cac34c06dccaa900560c
dev.aurakai.auraframefx.benchmark.BuildConfig -> dev.aurakai.auraframefx.benchmark.BuildConfig:
# {"id":"sourceFile","fileName":"BuildConfig.java"}
    1:1:void <init>():6:6 -> <init>